Arguments: 
  C:\Program Files\nodejs\node.exe C:\Program Files (x86)\Yarn\bin\yarn.js init - y

PATH: 
  C:\Program Files (x86)\Common Files\Oracle\Java\javapath;C:\Drivers;C:\Python39\Scripts\;C:\Python39\;C:\Windows\system32;C:\Windows;C:\Windows\System32\Wbem;C:\Windows\System32\WindowsPowerShell\v1.0\;C:\Windows\System32\OpenSSH\;C:\ProgramData\chocolatey\bin;C:\Program Files (x86)\Yarn\bin\;C:\Program Files\Git\cmd;C:\php;C:\composer;C:\Python27;C:\Python39\Lib\site-packages\robot;C:\Program Files\dotnet\;C:\Program Files\Microsoft SQL Server\130\Tools\Binn\;C:\Program Files (x86)\Microsoft SQL Server\150\DTS\Binn\;C:\Program Files\Go\bin;C:\Program Files\nodejs\;C:\Program Files\Docker\Docker\resources\bin;C:\ProgramData\DockerDesktop\version-bin;C:\Users\Testing-Matheus\AppData\Local\Programs\Python\Python310\Scripts\;C:\Users\Testing-Matheus\AppData\Local\Programs\Python\Python310\;C:\Users\Testing-Matheus\AppData\Local\Microsoft\WindowsApps;C:\Users\Testing-Matheus\AppData\Local\Programs\Microsoft VS Code\bin;C:\Users\Testing-Matheus\AppData\Local\Yarn\bin;C:\Users\Testing-Matheus\AppData\Roaming\Composer\vendor\bin;C:\Users\Testing-Matheus\.dotnet\tools;C:\Program Files\Azure Data Studio\bin;C:\Users\Testing-Matheus\go\bin;C:\Users\Testing-Matheus\AppData\Roaming\npm;C:\Program Files (x86)\Sophos\Sophos SSL VPN Client\bin

Yarn version: 
  1.22.5

Node version: 
  16.13.1

Platform: 
  win32 x64

Trace: 
  Error: canceled
      at Interface.<anonymous> (C:\Program Files (x86)\Yarn\lib\cli.js:137009:13)
      at Interface.emit (node:events:390:28)
      at Interface._ttyWrite (node:readline:1081:16)
      at ReadStream.onkeypress (node:readline:288:10)
      at ReadStream.emit (node:events:390:28)
      at emitKeys (node:internal/readline/utils:358:14)
      at emitKeys.next (<anonymous>)
      at ReadStream.onData (node:internal/readline/emitKeypressEvents:61:36)
      at ReadStream.emit (node:events:390:28)
      at addChunk (node:internal/streams/readable:315:12)

npm manifest: 
  No manifest

yarn manifest: 
  No manifest

Lockfile: 
  No lockfile
